<?xml version="1.0" encoding="UTF-8"?>
<!-- Generated by org.testng.reporters.JUnitReportReporter -->
<testsuite name="API.com.project.api.CoursesTest" tests="8" time="46.608" ignored="6" failures="0" timestamp="04 Sep 2017 05:52:02 GMT" skipped="0" hostname="IND062" errors="0">
  <testcase name="T1_test_Http_Status_Code_For_The_Programs_API" time="12.513" classname="API.com.project.api.CoursesTest"/>
  <testcase name="T5_test_Check_A_SpecificRecord" time="9.596" classname="API.com.project.api.CoursesTest"/>
  <testcase name="T6_test_Check_Records_In_Range" time="9.556" classname="API.com.project.api.CoursesTest"/>
  <testcase name="T7_test_No_Of_Records_If_Offset_And_Max_Are_Same" time="3.186" classname="API.com.project.api.CoursesTest"/>
  <testcase name="T8_test_No_Of_Records_If_OfSet_IS_SET_TO_0" time="6.139" classname="API.com.project.api.CoursesTest"/>
  <testcase name="T2_test_All_Headers_Are_Present_In_The_Response" time="0.010" classname="API.com.project.api.CoursesTest"/>
  <testcase name="T4_test_OffSet_And_Max_When_Set_To_Same_Value_Recors_Are_Displayed_While_Using_Pagesize" time="5.608" classname="API.com.project.api.CoursesTest"/>
  <testcase name="T3_test_More_Than_Records_Are_Returned_From_The_Call" time="0.000" classname="API.com.project.api.CoursesTest"/>
  <testcase name="tearDown" classname="API.com.project.api.BaseTest">
    <skipped/>
  </testcase> <!-- tearDown -->
  <testcase name="tearDown" classname="API.com.project.api.BaseTest">
    <skipped/>
  </testcase> <!-- tearDown -->
  <testcase name="tearDown" classname="API.com.project.api.BaseTest">
    <skipped/>
  </testcase> <!-- tearDown -->
  <testcase name="init" classname="API.com.project.api.BaseTest">
    <skipped/>
  </testcase> <!-- init -->
  <testcase name="init" classname="API.com.project.api.BaseTest">
    <skipped/>
  </testcase> <!-- init -->
  <testcase name="init" classname="API.com.project.api.BaseTest">
    <skipped/>
  </testcase> <!-- init -->
</testsuite> <!-- API.com.project.api.CoursesTest -->
