<?xml version="1.0" encoding="UTF-8"?>
<!-- Generated by org.testng.reporters.JUnitReportReporter -->
<testsuite name="API.com.project.api.ConcentrationsTest" tests="8" time="12.304" ignored="6" failures="0" timestamp="04 Sep 2017 05:52:02 GMT" skipped="0" hostname="IND062" errors="0">
  <testcase name="T5_test_Check_A_SpecificRecord" time="2.129" classname="API.com.project.api.ConcentrationsTest"/>
  <testcase name="T1_test_Http_Status_Code_For_The_Programs_API" time="2.444" classname="API.com.project.api.ConcentrationsTest"/>
  <testcase name="T2_test_All_Headers_Are_Present_In_The_Response" time="0.000" classname="API.com.project.api.ConcentrationsTest"/>
  <testcase name="T4_test_OffSet_And_Max_When_Set_To_Same_Value_Recors_Are_Displayed_While_Using_Pagesize" time="1.804" classname="API.com.project.api.ConcentrationsTest"/>
  <testcase name="T6_test_Check_Records_In_Range" time="2.215" classname="API.com.project.api.ConcentrationsTest"/>
  <testcase name="T3_test_More_Than_Records_Are_Returned_From_The_Call" time="0.000" classname="API.com.project.api.ConcentrationsTest"/>
  <testcase name="T7_test_No_Of_Records_If_Offset_And_Max_Are_Same" time="1.570" classname="API.com.project.api.ConcentrationsTest"/>
  <testcase name="T8_test_No_Of_Records_If_OfSet_IS_SET_TO_0" time="2.142" classname="API.com.project.api.ConcentrationsTest"/>
  <testcase name="tearDown" classname="API.com.project.api.BaseTest">
    <skipped/>
  </testcase> <!-- tearDown -->
  <testcase name="tearDown" classname="API.com.project.api.BaseTest">
    <skipped/>
  </testcase> <!-- tearDown -->
  <testcase name="tearDown" classname="API.com.project.api.BaseTest">
    <skipped/>
  </testcase> <!-- tearDown -->
  <testcase name="init" classname="API.com.project.api.BaseTest">
    <skipped/>
  </testcase> <!-- init -->
  <testcase name="init" classname="API.com.project.api.BaseTest">
    <skipped/>
  </testcase> <!-- init -->
  <testcase name="init" classname="API.com.project.api.BaseTest">
    <skipped/>
  </testcase> <!-- init -->
</testsuite> <!-- API.com.project.api.ConcentrationsTest -->
