<?xml version="1.0" encoding="UTF-8"?>
<!-- Generated by org.testng.reporters.JUnitReportReporter -->
<testsuite name="API.com.project.api.ECX.ECX_ConcentrationsTest" tests="8" time="3.444" ignored="0" failures="0" timestamp="05 Sep 2017 19:12:28 GMT" skipped="0" hostname="WFXD481D7D98814" errors="0">
  <testcase name="T6_test_Check_Records_In_Range" time="0.428" classname="API.com.project.api.ECX.ECX_ConcentrationsTest"/>
  <testcase name="T8_test_No_Of_Records_If_OfSet_IS_SET_TO_0" time="0.160" classname="API.com.project.api.ECX.ECX_ConcentrationsTest"/>
  <testcase name="T3_test_More_Than_Records_Are_Returned_From_The_Call" time="0.000" classname="API.com.project.api.ECX.ECX_ConcentrationsTest"/>
  <testcase name="T4_test_OffSet_And_Max_When_Set_To_Same_Value_Recors_Are_Displayed_While_Using_Pagesize" time="0.680" classname="API.com.project.api.ECX.ECX_ConcentrationsTest"/>
  <testcase name="T1_test_Http_Status_Code_For_The_Programs_API" time="1.879" classname="API.com.project.api.ECX.ECX_ConcentrationsTest"/>
  <testcase name="T7_test_No_Of_Records_If_Offset_And_Max_Are_Same" time="0.098" classname="API.com.project.api.ECX.ECX_ConcentrationsTest"/>
  <testcase name="T2_test_All_Headers_Are_Present_In_The_Response" time="0.000" classname="API.com.project.api.ECX.ECX_ConcentrationsTest"/>
  <testcase name="T5_test_Check_A_SpecificRecord" time="0.199" classname="API.com.project.api.ECX.ECX_ConcentrationsTest"/>
</testsuite> <!-- API.com.project.api.ECX.ECX_ConcentrationsTest -->
